<?xml version="1.0" encoding="UTF-8"?>
<!-- Generated by org.testng.reporters.JUnitXMLReporter -->
<testsuite hostname="RAGHAVENDRA" ignored="2" name="Test" tests="6" failures="0" timestamp="10 Jan 2020 07:39:09 GMT" time="21.339" errors="0">
  <testcase name="@AfterMethod tearDown" time="0.002" classname="genaric.BaseTestForExtent">
    <failure type="java.lang.NullPointerException">
      <![CDATA[java.lang.NullPointerException
at genaric.BaseTestForExtent.tearDown(BaseTestForExtent.java:92)
... Removed 28 stack frames]]>
    </failure>
  </testcase> <!-- @AfterMethod tearDown -->
  <testcase name="@AfterMethod tearDown" time="0.0" classname="genaric.BaseTestForExtent">
    <skipped/>
  </testcase> <!-- @AfterMethod tearDown -->
  <testcase name="@AfterMethod tearDown" time="0.0" classname="genaric.BaseTestForExtent">
    <skipped/>
  </testcase> <!-- @AfterMethod tearDown -->
  <testcase name="@AfterClass stopService" time="0.0" classname="genaric.BaseTestForExtent">
    <skipped/>
  </testcase> <!-- @AfterClass stopService -->
  <testcase name="testA" time="1.246" classname="reports.Demo"/>
  <testcase name="testB" time="0.0" classname="reports.Demo">
    <skipped/>
  </testcase> <!-- testB -->
  <testcase name="testC" time="0.0" classname="reports.Demo">
    <skipped/>
  </testcase> <!-- testC -->
  <testcase name="testD" time="1.216" classname="reports.Demo1"/>
  <testcase name="testF" time="3.704" classname="reports.Demo1"/>
  <testcase name="testE" time="2.657" classname="reports.Demo1"/>
  <testcase name="@AfterTest postCondition" time="0.0" classname="genaric.BaseTestForExtent">
    <ignored/>
  </testcase> <!-- @AfterTest postCondition -->
  <testcase name="@BeforeTest preCondition" time="0.0" classname="genaric.BaseTestForExtent">
    <ignored/>
  </testcase> <!-- @BeforeTest preCondition -->
</testsuite> <!-- Test -->
