<?xml version="1.0" encoding="UTF-8"?>
<testng-results skipped="0" failed="0" ignored="0" total="2" passed="2">
  <reporter-output>
  </reporter-output>
  <suite name="Suite" duration-ms="22395" started-at="2020-01-13T13:17:48Z" finished-at="2020-01-13T13:18:10Z">
    <groups>
    </groups>
    <test name="Default test" duration-ms="22395" started-at="2020-01-13T13:17:48Z" finished-at="2020-01-13T13:18:10Z">
      <class name="demo.Demo">
        <test-method status="PASS" signature="preCondition()[pri:0, instance:demo.Demo@663c9e7a]" name="preCondition" is-config="true" duration-ms="9214" started-at="2020-01-13T13:17:48Z" finished-at="2020-01-13T13:17:57Z">
          <reporter-output>
          </reporter-output>
        </test-method> <!-- preCondition -->
        <test-method status="PASS" signature="veriftTitle()[pri:1, instance:demo.Demo@663c9e7a]" name="veriftTitle" duration-ms="12" started-at="2020-01-13T13:17:57Z" finished-at="2020-01-13T13:17:57Z">
          <reporter-output>
          </reporter-output>
        </test-method> <!-- veriftTitle -->
        <test-method status="PASS" signature="postCondition()[pri:0, instance:demo.Demo@663c9e7a]" name="postCondition" is-config="true" duration-ms="2095" started-at="2020-01-13T13:17:57Z" finished-at="2020-01-13T13:17:59Z">
          <reporter-output>
          </reporter-output>
        </test-method> <!-- postCondition -->
        <test-method status="PASS" signature="preCondition()[pri:0, instance:demo.Demo@663c9e7a]" name="preCondition" is-config="true" duration-ms="8958" started-at="2020-01-13T13:17:59Z" finished-at="2020-01-13T13:18:08Z">
          <reporter-output>
          </reporter-output>
        </test-method> <!-- preCondition -->
        <test-method status="PASS" signature="verifyElement()[pri:2, instance:demo.Demo@663c9e7a]" name="verifyElement" duration-ms="25" started-at="2020-01-13T13:18:08Z" finished-at="2020-01-13T13:18:08Z">
          <reporter-output>
          </reporter-output>
        </test-method> <!-- verifyElement -->
        <test-method status="PASS" signature="postCondition()[pri:0, instance:demo.Demo@663c9e7a]" name="postCondition" is-config="true" duration-ms="2069" started-at="2020-01-13T13:18:08Z" finished-at="2020-01-13T13:18:10Z">
          <reporter-output>
          </reporter-output>
        </test-method> <!-- postCondition -->
      </class> <!-- demo.Demo -->
    </test> <!-- Default test -->
  </suite> <!-- Suite -->
</testng-results>
