<?xml version="1.0" encoding="UTF-8"?>
<testng-results skipped="2" failed="0" ignored="2" total="8" passed="4">
  <reporter-output>
  </reporter-output>
  <suite name="Suite" duration-ms="21339" started-at="2020-01-10T07:38:48Z" finished-at="2020-01-10T07:39:09Z">
    <groups>
    </groups>
    <test name="Test" duration-ms="21339" started-at="2020-01-10T07:38:48Z" finished-at="2020-01-10T07:39:09Z">
      <class name="reports.Demo">
        <test-method status="PASS" signature="preCondition()[pri:0, instance:reports.Demo@78047b92]" name="preCondition" is-config="true" duration-ms="79" started-at="2020-01-10T07:38:48Z" finished-at="2020-01-10T07:38:48Z">
          <reporter-output>
          </reporter-output>
        </test-method> <!-- preCondition -->
        <test-method status="PASS" signature="startService()[pri:0, instance:reports.Demo@78047b92]" name="startService" is-config="true" duration-ms="5414" started-at="2020-01-10T07:38:48Z" finished-at="2020-01-10T07:38:53Z">
          <reporter-output>
          </reporter-output>
        </test-method> <!-- startService -->
        <test-method status="PASS" signature="testA()[pri:0, instance:reports.Demo@78047b92]" name="testA" duration-ms="1246" started-at="2020-01-10T07:38:53Z" finished-at="2020-01-10T07:38:55Z">
          <reporter-output>
          </reporter-output>
        </test-method> <!-- testA -->
        <test-method status="FAIL" signature="tearDown(org.testng.ITestResult)[pri:0, instance:reports.Demo@78047b92]" name="tearDown" is-config="true" duration-ms="2" started-at="2020-01-10T07:38:55Z" finished-at="2020-01-10T07:38:55Z">
          <params>
            <param index="0">
              <value>
                <![CDATA[[TestResult name=testA status=SUCCESS method=Demo.testA()[pri:0, instance:reports.Demo@78047b92] output={null}]]]>
              </value>
            </param>
          </params>
          <exception class="java.lang.NullPointerException">
            <full-stacktrace>
              <![CDATA[java.lang.NullPointerException
at genaric.BaseTestForExtent.tearDown(BaseTestForExtent.java:92)
at sun.reflect.NativeMethodAccessorImpl.invoke0(Native Method)
at sun.reflect.NativeMethodAccessorImpl.invoke(NativeMethodAccessorImpl.java:62)
at sun.reflect.DelegatingMethodAccessorImpl.invoke(DelegatingMethodAccessorImpl.java:43)
at java.lang.reflect.Method.invoke(Method.java:498)
at org.testng.internal.MethodInvocationHelper.invokeMethod(MethodInvocationHelper.java:124)
at org.testng.internal.MethodInvocationHelper.invokeMethodConsideringTimeout(MethodInvocationHelper.java:59)
at org.testng.internal.Invoker.invokeConfigurationMethod(Invoker.java:458)
at org.testng.internal.Invoker.invokeConfigurations(Invoker.java:222)
at org.testng.internal.Invoker.invokeMethod(Invoker.java:646)
at org.testng.internal.Invoker.invokeTestMethod(Invoker.java:719)
at org.testng.internal.Invoker.invokeTestMethods(Invoker.java:989)
at org.testng.internal.TestMethodWorker.invokeTestMethods(TestMethodWorker.java:125)
at org.testng.internal.TestMethodWorker.run(TestMethodWorker.java:109)
at org.testng.TestRunner.privateRun(TestRunner.java:648)
at org.testng.TestRunner.run(TestRunner.java:505)
at org.testng.SuiteRunner.runTest(SuiteRunner.java:455)
at org.testng.SuiteRunner.runSequentially(SuiteRunner.java:450)
at org.testng.SuiteRunner.privateRun(SuiteRunner.java:415)
at org.testng.SuiteRunner.run(SuiteRunner.java:364)
at org.testng.SuiteRunnerWorker.runSuite(SuiteRunnerWorker.java:52)
at org.testng.SuiteRunnerWorker.run(SuiteRunnerWorker.java:84)
at org.testng.TestNG.runSuitesSequentially(TestNG.java:1208)
at org.testng.TestNG.runSuitesLocally(TestNG.java:1137)
at org.testng.TestNG.runSuites(TestNG.java:1049)
at org.testng.TestNG.run(TestNG.java:1017)
at org.testng.remote.AbstractRemoteTestNG.run(AbstractRemoteTestNG.java:114)
at org.testng.remote.RemoteTestNG.initAndRun(RemoteTestNG.java:251)
at org.testng.remote.RemoteTestNG.main(RemoteTestNG.java:77)
]]>
            </full-stacktrace>
          </exception> <!-- java.lang.NullPointerException -->
          <reporter-output>
          </reporter-output>
        </test-method> <!-- tearDown -->
        <test-method status="SKIP" signature="testB()[pri:0, instance:reports.Demo@78047b92]" name="testB" duration-ms="0" started-at="2020-01-10T07:38:55Z" finished-at="2020-01-10T07:38:55Z">
          <exception class="java.lang.NullPointerException">
            <full-stacktrace>
              <![CDATA[java.lang.NullPointerException
at genaric.BaseTestForExtent.tearDown(BaseTestForExtent.java:92)
at sun.reflect.NativeMethodAccessorImpl.invoke0(Native Method)
at sun.reflect.NativeMethodAccessorImpl.invoke(NativeMethodAccessorImpl.java:62)
at sun.reflect.DelegatingMethodAccessorImpl.invoke(DelegatingMethodAccessorImpl.java:43)
at java.lang.reflect.Method.invoke(Method.java:498)
at org.testng.internal.MethodInvocationHelper.invokeMethod(MethodInvocationHelper.java:124)
at org.testng.internal.MethodInvocationHelper.invokeMethodConsideringTimeout(MethodInvocationHelper.java:59)
at org.testng.internal.Invoker.invokeConfigurationMethod(Invoker.java:458)
at org.testng.internal.Invoker.invokeConfigurations(Invoker.java:222)
at org.testng.internal.Invoker.invokeMethod(Invoker.java:646)
at org.testng.internal.Invoker.invokeTestMethod(Invoker.java:719)
at org.testng.internal.Invoker.invokeTestMethods(Invoker.java:989)
at org.testng.internal.TestMethodWorker.invokeTestMethods(TestMethodWorker.java:125)
at org.testng.internal.TestMethodWorker.run(TestMethodWorker.java:109)
at org.testng.TestRunner.privateRun(TestRunner.java:648)
at org.testng.TestRunner.run(TestRunner.java:505)
at org.testng.SuiteRunner.runTest(SuiteRunner.java:455)
at org.testng.SuiteRunner.runSequentially(SuiteRunner.java:450)
at org.testng.SuiteRunner.privateRun(SuiteRunner.java:415)
at org.testng.SuiteRunner.run(SuiteRunner.java:364)
at org.testng.SuiteRunnerWorker.runSuite(SuiteRunnerWorker.java:52)
at org.testng.SuiteRunnerWorker.run(SuiteRunnerWorker.java:84)
at org.testng.TestNG.runSuitesSequentially(TestNG.java:1208)
at org.testng.TestNG.runSuitesLocally(TestNG.java:1137)
at org.testng.TestNG.runSuites(TestNG.java:1049)
at org.testng.TestNG.run(TestNG.java:1017)
at org.testng.remote.AbstractRemoteTestNG.run(AbstractRemoteTestNG.java:114)
at org.testng.remote.RemoteTestNG.initAndRun(RemoteTestNG.java:251)
at org.testng.remote.RemoteTestNG.main(RemoteTestNG.java:77)
]]>
            </full-stacktrace>
          </exception> <!-- java.lang.NullPointerException -->
          <reporter-output>
          </reporter-output>
        </test-method> <!-- testB -->
        <test-method status="SKIP" signature="tearDown(org.testng.ITestResult)[pri:0, instance:reports.Demo@78047b92]" name="tearDown" is-config="true" duration-ms="0" started-at="2020-01-10T07:38:55Z" finished-at="2020-01-10T07:38:55Z">
          <reporter-output>
          </reporter-output>
        </test-method> <!-- tearDown -->
        <test-method status="SKIP" signature="testC()[pri:0, instance:reports.Demo@78047b92]" name="testC" duration-ms="0" started-at="2020-01-10T07:38:55Z" finished-at="2020-01-10T07:38:55Z">
          <exception class="java.lang.NullPointerException">
            <full-stacktrace>
              <![CDATA[java.lang.NullPointerException
at genaric.BaseTestForExtent.tearDown(BaseTestForExtent.java:92)
at sun.reflect.NativeMethodAccessorImpl.invoke0(Native Method)
at sun.reflect.NativeMethodAccessorImpl.invoke(NativeMethodAccessorImpl.java:62)
at sun.reflect.DelegatingMethodAccessorImpl.invoke(DelegatingMethodAccessorImpl.java:43)
at java.lang.reflect.Method.invoke(Method.java:498)
at org.testng.internal.MethodInvocationHelper.invokeMethod(MethodInvocationHelper.java:124)
at org.testng.internal.MethodInvocationHelper.invokeMethodConsideringTimeout(MethodInvocationHelper.java:59)
at org.testng.internal.Invoker.invokeConfigurationMethod(Invoker.java:458)
at org.testng.internal.Invoker.invokeConfigurations(Invoker.java:222)
at org.testng.internal.Invoker.invokeMethod(Invoker.java:646)
at org.testng.internal.Invoker.invokeTestMethod(Invoker.java:719)
at org.testng.internal.Invoker.invokeTestMethods(Invoker.java:989)
at org.testng.internal.TestMethodWorker.invokeTestMethods(TestMethodWorker.java:125)
at org.testng.internal.TestMethodWorker.run(TestMethodWorker.java:109)
at org.testng.TestRunner.privateRun(TestRunner.java:648)
at org.testng.TestRunner.run(TestRunner.java:505)
at org.testng.SuiteRunner.runTest(SuiteRunner.java:455)
at org.testng.SuiteRunner.runSequentially(SuiteRunner.java:450)
at org.testng.SuiteRunner.privateRun(SuiteRunner.java:415)
at org.testng.SuiteRunner.run(SuiteRunner.java:364)
at org.testng.SuiteRunnerWorker.runSuite(SuiteRunnerWorker.java:52)
at org.testng.SuiteRunnerWorker.run(SuiteRunnerWorker.java:84)
at org.testng.TestNG.runSuitesSequentially(TestNG.java:1208)
at org.testng.TestNG.runSuitesLocally(TestNG.java:1137)
at org.testng.TestNG.runSuites(TestNG.java:1049)
at org.testng.TestNG.run(TestNG.java:1017)
at org.testng.remote.AbstractRemoteTestNG.run(AbstractRemoteTestNG.java:114)
at org.testng.remote.RemoteTestNG.initAndRun(RemoteTestNG.java:251)
at org.testng.remote.RemoteTestNG.main(RemoteTestNG.java:77)
]]>
            </full-stacktrace>
          </exception> <!-- java.lang.NullPointerException -->
          <reporter-output>
          </reporter-output>
        </test-method> <!-- testC -->
        <test-method status="SKIP" signature="stopService()[pri:0, instance:reports.Demo@78047b92]" name="stopService" is-config="true" duration-ms="0" started-at="2020-01-10T07:38:55Z" finished-at="2020-01-10T07:38:55Z">
          <reporter-output>
          </reporter-output>
        </test-method> <!-- stopService -->
        <test-method status="SKIP" signature="tearDown(org.testng.ITestResult)[pri:0, instance:reports.Demo@78047b92]" name="tearDown" is-config="true" duration-ms="0" started-at="2020-01-10T07:38:55Z" finished-at="2020-01-10T07:38:55Z">
          <reporter-output>
          </reporter-output>
        </test-method> <!-- tearDown -->
        <test-method status="PASS" signature="postCondition()[pri:0, instance:reports.Demo@78047b92]" name="postCondition" is-config="true" duration-ms="281" started-at="2020-01-10T07:39:09Z" finished-at="2020-01-10T07:39:09Z">
          <reporter-output>
          </reporter-output>
        </test-method> <!-- postCondition -->
      </class> <!-- reports.Demo -->
      <class name="reports.Demo1">
        <test-method status="PASS" signature="startService()[pri:0, instance:reports.Demo1@8909f18]" name="startService" is-config="true" duration-ms="4400" started-at="2020-01-10T07:38:55Z" finished-at="2020-01-10T07:38:59Z">
          <reporter-output>
          </reporter-output>
        </test-method> <!-- startService -->
        <test-method status="PASS" signature="testD()[pri:0, instance:reports.Demo1@8909f18]" name="testD" duration-ms="1216" started-at="2020-01-10T07:38:59Z" finished-at="2020-01-10T07:39:00Z">
          <reporter-output>
          </reporter-output>
        </test-method> <!-- testD -->
        <test-method status="PASS" signature="tearDown(org.testng.ITestResult)[pri:0, instance:reports.Demo1@8909f18]" name="tearDown" is-config="true" duration-ms="1" started-at="2020-01-10T07:39:00Z" finished-at="2020-01-10T07:39:00Z">
          <params>
            <param index="0">
              <value>
                <![CDATA[[TestResult name=testD status=SUCCESS method=Demo1.testD()[pri:0, instance:reports.Demo1@8909f18] output={null}]]]>
              </value>
            </param>
          </params>
          <reporter-output>
          </reporter-output>
        </test-method> <!-- tearDown -->
        <test-method status="PASS" signature="testF()[pri:0, instance:reports.Demo1@8909f18]" name="testF" duration-ms="3704" started-at="2020-01-10T07:39:00Z" finished-at="2020-01-10T07:39:04Z">
          <reporter-output>
          </reporter-output>
        </test-method> <!-- testF -->
        <test-method status="PASS" signature="tearDown(org.testng.ITestResult)[pri:0, instance:reports.Demo1@8909f18]" name="tearDown" is-config="true" duration-ms="1" started-at="2020-01-10T07:39:04Z" finished-at="2020-01-10T07:39:04Z">
          <params>
            <param index="0">
              <value>
                <![CDATA[[TestResult name=testF status=SUCCESS method=Demo1.testF()[pri:0, instance:reports.Demo1@8909f18] output={null}]]]>
              </value>
            </param>
          </params>
          <reporter-output>
          </reporter-output>
        </test-method> <!-- tearDown -->
        <test-method status="PASS" signature="testE()[pri:0, instance:reports.Demo1@8909f18]" name="testE" duration-ms="2657" started-at="2020-01-10T07:39:04Z" depends-on-methods="reports.Demo1.testD" finished-at="2020-01-10T07:39:07Z">
          <reporter-output>
          </reporter-output>
        </test-method> <!-- testE -->
        <test-method status="PASS" signature="tearDown(org.testng.ITestResult)[pri:0, instance:reports.Demo1@8909f18]" name="tearDown" is-config="true" duration-ms="0" started-at="2020-01-10T07:39:07Z" finished-at="2020-01-10T07:39:07Z">
          <params>
            <param index="0">
              <value>
                <![CDATA[[TestResult name=testE status=SUCCESS method=Demo1.testE()[pri:0, instance:reports.Demo1@8909f18] output={null}]]]>
              </value>
            </param>
          </params>
          <reporter-output>
          </reporter-output>
        </test-method> <!-- tearDown -->
        <test-method status="PASS" signature="stopService()[pri:0, instance:reports.Demo1@8909f18]" name="stopService" is-config="true" duration-ms="2311" started-at="2020-01-10T07:39:07Z" finished-at="2020-01-10T07:39:09Z">
          <reporter-output>
          </reporter-output>
        </test-method> <!-- stopService -->
      </class> <!-- reports.Demo1 -->
    </test> <!-- Test -->
  </suite> <!-- Suite -->
</testng-results>
